# JRE version: Java(TM) SE Runtime Environment (21.0.3+7) (build 21.0.3+7-LTS-152)
# Java VM: Java HotSpot(TM) 64-Bit Server VM (21.0.3+7-LTS-152, mixed mode, sharing, tiered, compressed oops, compressed class ptrs, g1 gc, windows-amd64)
GC Precious Log:
 CardTable entry size: 512
 Card Set container configuration: InlinePtr #cards 4 size 8 Array Of Cards #cards 16 size 48 Howl #buckets 8 coarsen threshold 3686 Howl Bitmap #cards 512 size 80 coarsen threshold 460 Card regions per heap region 1 cards per card region 4096
 CPUs: 4 total, 4 available
 Memory: 16279M
 Large Page Support: Disabled
 NUMA Support: Disabled
 Compressed Oops: Enabled (Zero based)
 Heap Region Size: 2M
 Heap Min Capacity: 8M
 Heap Initial Capacity: 256M
 Heap Max Capacity: 4070M
 Pre-touch: Disabled
 Parallel Workers: 4
 Concurrent Workers: 1
 Concurrent Refinement Workers: 4
 Periodic GC: Disabled
Heap:
 garbage-first heap   total 49152K, used 35609K [0x0000000701a00000, 0x0000000800000000)
  region size 2048K, 10 young (20480K), 2 survivors (4096K)
 Metaspace       used 43582K, committed 44160K, reserved 1114112K
  class space    used 5331K, committed 5568K, reserved 1048576K
GC Heap History (18 events):
Event: 0.893 GC heap before
{Heap before GC invocations=0 (full 0):
 garbage-first heap   total 262144K, used 10240K [0x0000000701a00000, 0x0000000800000000)
  region size 2048K, 6 young (12288K), 0 survivors (0K)
 Metaspace       used 3751K, committed 3904K, reserved 1114112K
  class space    used 404K, committed 448K, reserved 1048576K
}
Event: 0.898 GC heap after
{Heap after GC invocations=1 (full 0):
 garbage-first heap   total 262144K, used 3896K [0x0000000701a00000, 0x0000000800000000)
  region size 2048K, 1 young (2048K), 1 survivors (2048K)
 Metaspace       used 3751K, committed 3904K, reserved 1114112K
  class space    used 404K, committed 448K, reserved 1048576K
}
Event: 1.426 GC heap before
{Heap before GC invocations=1 (full 0):
 garbage-first heap   total 262144K, used 14136K [0x0000000701a00000, 0x0000000800000000)
  region size 2048K, 6 young (12288K), 1 survivors (2048K)
 Metaspace       used 6681K, committed 6976K, reserved 1114112K
  class space    used 799K, committed 960K, reserved 1048576K
}
Event: 1.430 GC heap after
{Heap after GC invocations=2 (full 0):
 garbage-first heap   total 262144K, used 4978K [0x0000000701a00000, 0x0000000800000000)
  region size 2048K, 1 young (2048K), 1 survivors (2048K)
 Metaspace       used 6681K, committed 6976K, reserved 1114112K
  class space    used 799K, committed 960K, reserved 1048576K
}
Event: 2.471 GC heap before
{Heap before GC invocations=2 (full 0):
 garbage-first heap   total 262144K, used 31602K [0x0000000701a00000, 0x0000000800000000)
  region size 2048K, 15 young (30720K), 1 survivors (2048K)
 Metaspace       used 14033K, committed 14272K, reserved 1114112K
  class space    used 1680K, committed 1792K, reserved 1048576K
}
Event: 2.476 GC heap after
{Heap after GC invocations=3 (full 0):
 garbage-first heap   total 262144K, used 7103K [0x0000000701a00000, 0x0000000800000000)
  region size 2048K, 2 young (4096K), 2 survivors (4096K)
 Metaspace       used 14033K, committed 14272K, reserved 1114112K
  class space    used 1680K, committed 1792K, reserved 1048576K
}
Event: 4.729 GC heap before
{Heap before GC invocations=3 (full 0):
 garbage-first heap   total 262144K, used 50111K [0x0000000701a00000, 0x0000000800000000)
  region size 2048K, 24 young (49152K), 2 survivors (4096K)
 Metaspace       used 21140K, committed 21504K, reserved 1114112K
  class space    used 2594K, committed 2752K, reserved 1048576K
}
Event: 4.742 GC heap after
{Heap after GC invocations=4 (full 0):
 garbage-first heap   total 262144K, used 11351K [0x0000000701a00000, 0x0000000800000000)
  region size 2048K, 4 young (8192K), 4 survivors (8192K)
 Metaspace       used 21140K, committed 21504K, reserved 1114112K
  class space    used 2594K, committed 2752K, reserved 1048576K
}
Event: 5.869 GC heap before
{Heap before GC invocations=5 (full 0):
 garbage-first heap   total 49152K, used 31831K [0x0000000701a00000, 0x0000000800000000)
  region size 2048K, 14 young (28672K), 4 survivors (8192K)
 Metaspace       used 25430K, committed 25920K, reserved 1114112K
  class space    used 3152K, committed 3392K, reserved 1048576K
}
Event: 5.885 GC heap after
{Heap after GC invocations=6 (full 0):
 garbage-first heap   total 49152K, used 13678K [0x0000000701a00000, 0x0000000800000000)
  region size 2048K, 2 young (4096K), 2 survivors (4096K)
 Metaspace       used 25430K, committed 25920K, reserved 1114112K
  class space    used 3152K, committed 3392K, reserved 1048576K
}
Event: 7.423 GC heap before
{Heap before GC invocations=6 (full 0):
 garbage-first heap   total 49152K, used 36206K [0x0000000701a00000, 0x0000000800000000)
  region size 2048K, 13 young (26624K), 2 survivors (4096K)
 Metaspace       used 29273K, committed 29824K, reserved 1114112K
  class space    used 3697K, committed 3968K, reserved 1048576K
}
Event: 7.431 GC heap after
{Heap after GC invocations=7 (full 0):
 garbage-first heap   total 49152K, used 15630K [0x0000000701a00000, 0x0000000800000000)
  region size 2048K, 2 young (4096K), 2 survivors (4096K)
 Metaspace       used 29273K, committed 29824K, reserved 1114112K
  class space    used 3697K, committed 3968K, reserved 1048576K
}
Event: 473.157 GC heap before
{Heap before GC invocations=7 (full 0):
 garbage-first heap   total 49152K, used 36110K [0x0000000701a00000, 0x0000000800000000)
  region size 2048K, 13 young (26624K), 2 survivors (4096K)
 Metaspace       used 33401K, committed 33984K, reserved 1114112K
  class space    used 4218K, committed 4480K, reserved 1048576K
}
Event: 473.168 GC heap after
{Heap after GC invocations=8 (full 0):
 garbage-first heap   total 49152K, used 18270K [0x0000000701a00000, 0x0000000800000000)
  region size 2048K, 2 young (4096K), 2 survivors (4096K)
 Metaspace       used 33401K, committed 33984K, reserved 1114112K
  class space    used 4218K, committed 4480K, reserved 1048576K
}
Event: 473.831 GC heap before
{Heap before GC invocations=8 (full 0):
 garbage-first heap   total 49152K, used 24414K [0x0000000701a00000, 0x0000000800000000)
  region size 2048K, 6 young (12288K), 2 survivors (4096K)
 Metaspace       used 35646K, committed 36160K, reserved 1114112K
  class space    used 4447K, committed 4672K, reserved 1048576K
}
Event: 473.838 GC heap after
{Heap after GC invocations=9 (full 0):
 garbage-first heap   total 49152K, used 19148K [0x0000000701a00000, 0x0000000800000000)
  region size 2048K, 1 young (2048K), 1 survivors (2048K)
 Metaspace       used 35646K, committed 36160K, reserved 1114112K
  class space    used 4447K, committed 4672K, reserved 1048576K
}
Event: 79919.439 GC heap before
{Heap before GC invocations=10 (full 0):
 garbage-first heap   total 49152K, used 37580K [0x0000000701a00000, 0x0000000800000000)
  region size 2048K, 11 young (22528K), 1 survivors (2048K)
 Metaspace       used 42418K, committed 43008K, reserved 1114112K
  class space    used 5180K, committed 5440K, reserved 1048576K
}
Event: 79919.446 GC heap after
{Heap after GC invocations=11 (full 0):
 garbage-first heap   total 49152K, used 21273K [0x0000000701a00000, 0x0000000800000000)
  region size 2048K, 2 young (4096K), 2 survivors (4096K)
 Metaspace       used 42418K, committed 43008K, reserved 1114112K
  class space    used 5180K, committed 5440K, reserved 1048576K
}

